Performing C SOURCE FILE Test CMAKE_HAVE_LIBC_PTHREAD failed with the following output:
Change Dir: /home/kookie/Documents/Documents/Projects/c++/Fractals/cmake-build-debug/CMakeFiles/CMakeTmp

Run Build Command(s):/usr/bin/make cmTC_fab2b/fast && /usr/bin/make  -f CMakeFiles/cmTC_fab2b.dir/build.make CMakeFiles/cmTC_fab2b.dir/build
make[1]: Entering directory '/home/kookie/Documents/Documents/Projects/c++/Fractals/cmake-build-debug/CMakeFiles/CMakeTmp'
Building C object CMakeFiles/cmTC_fab2b.dir/src.c.o
/usr/bin/cc   -DCMAKE_HAVE_LIBC_PTHREAD   -o CMakeFiles/cmTC_fab2b.dir/src.c.o   -c /home/kookie/Documents/Documents/Projects/c++/Fractals/cmake-build-debug/CMakeFiles/CMakeTmp/src.c
Linking C executable cmTC_fab2b
/snap/clion/129/bin/cmake/linux/bin/cmake -E cmake_link_script CMakeFiles/cmTC_fab2b.dir/link.txt --verbose=1
/usr/bin/cc  -DCMAKE_HAVE_LIBC_PTHREAD    -rdynamic CMakeFiles/cmTC_fab2b.dir/src.c.o  -o cmTC_fab2b 
CMakeFiles/cmTC_fab2b.dir/src.c.o: In function `main':
src.c:(.text+0x3e): undefined reference to `pthread_create'
src.c:(.text+0x4a): undefined reference to `pthread_detach'
src.c:(.text+0x56): undefined reference to `pthread_cancel'
src.c:(.text+0x67): undefined reference to `pthread_join'
src.c:(.text+0x7b): undefined reference to `pthread_atfork'
collect2: error: ld returned 1 exit status
CMakeFiles/cmTC_fab2b.dir/build.make:106: recipe for target 'cmTC_fab2b' failed
make[1]: *** [cmTC_fab2b] Error 1
make[1]: Leaving directory '/home/kookie/Documents/Documents/Projects/c++/Fractals/cmake-build-debug/CMakeFiles/CMakeTmp'
Makefile:141: recipe for target 'cmTC_fab2b/fast' failed
make: *** [cmTC_fab2b/fast] Error 2


Source file was:
#include <pthread.h>

void* test_func(void* data)
{
  return data;
}

int main(void)
{
  pthread_t thread;
  pthread_create(&thread, NULL, test_func, NULL);
  pthread_detach(thread);
  pthread_cancel(thread);
  pthread_join(thread, NULL);
  pthread_atfork(NULL, NULL, NULL);
  pthread_exit(NULL);

  return 0;
}

Determining if the function pthread_create exists in the pthreads failed with the following output:
Change Dir: /home/kookie/Documents/Documents/Projects/c++/Fractals/cmake-build-debug/CMakeFiles/CMakeTmp

Run Build Command(s):/usr/bin/make cmTC_c103c/fast && /usr/bin/make  -f CMakeFiles/cmTC_c103c.dir/build.make CMakeFiles/cmTC_c103c.dir/build
make[1]: Entering directory '/home/kookie/Documents/Documents/Projects/c++/Fractals/cmake-build-debug/CMakeFiles/CMakeTmp'
Building C object CMakeFiles/cmTC_c103c.dir/CheckFunctionExists.c.o
/usr/bin/cc   -DCHECK_FUNCTION_EXISTS=pthread_create   -o CMakeFiles/cmTC_c103c.dir/CheckFunctionExists.c.o   -c /snap/clion/129/bin/cmake/linux/share/cmake-3.17/Modules/CheckFunctionExists.c
Linking C executable cmTC_c103c
/snap/clion/129/bin/cmake/linux/bin/cmake -E cmake_link_script CMakeFiles/cmTC_c103c.dir/link.txt --verbose=1
/usr/bin/cc  -DCHECK_FUNCTION_EXISTS=pthread_create    -rdynamic CMakeFiles/cmTC_c103c.dir/CheckFunctionExists.c.o  -o cmTC_c103c  -lpthreads 
/usr/bin/ld: cannot find -lpthreads
collect2: error: ld returned 1 exit status
CMakeFiles/cmTC_c103c.dir/build.make:106: recipe for target 'cmTC_c103c' failed
make[1]: *** [cmTC_c103c] Error 1
make[1]: Leaving directory '/home/kookie/Documents/Documents/Projects/c++/Fractals/cmake-build-debug/CMakeFiles/CMakeTmp'
Makefile:141: recipe for target 'cmTC_c103c/fast' failed
make: *** [cmTC_c103c/fast] Error 2



